{
  "RSpec": {
    "coverage": {
      "/Users/chelseajohnson/Documents/turing/3module/rails_engine/app/helpers/application_helper.rb": [
        1,
        null
      ],
      "/Users/chelseajohnson/Documents/turing/3module/rails_engine/app/controllers/api/v1/invoices_controller.rb": [
        1,
        1,
        1,
        1,
        1,
        1,
        null,
        null,
        null,
        null
      ],
      "/Users/chelseajohnson/Documents/turing/3module/rails_engine/app/controllers/api/api_controller.rb": [
        1,
        1,
        1,
        null,
        null
      ],
      "/Users/chelseajohnson/Documents/turing/3module/rails_engine/app/controllers/application_controller.rb": [
        1,
        null,
        null,
        1,
        null
      ],
      "/Users/chelseajohnson/Documents/turing/3module/rails_engine/app/models/invoice.rb": [
        1,
        null
      ],
      "/Users/chelseajohnson/Documents/turing/3module/rails_engine/app/controllers/api/v1/merchants_controller.rb": [
        0,
        0,
        0,
        0,
        0,
        0,
        0,
        0,
        0,
        0
      ],
      "/Users/chelseajohnson/Documents/turing/3module/rails_engine/app/models/merchant.rb": [
        0,
        0
      ]
    },
    "timestamp": 1460412167
  }
}
