{
  "RSpec": {
    "coverage": {
      "/Users/chelseajohnson/Documents/turing/3module/rails_engine/app/helpers/application_helper.rb": [
        1,
        null
      ],
      "/Users/chelseajohnson/Documents/turing/3module/rails_engine/app/models/customer.rb": [
        1,
        1,
        1,
        1,
        null
      ],
      "/Users/chelseajohnson/Documents/turing/3module/rails_engine/app/models/invoice_item.rb": [
        1,
        1,
        1,
        1,
        null
      ],
      "/Users/chelseajohnson/Documents/turing/3module/rails_engine/app/models/invoice.rb": [
        1,
        1,
        1,
        1,
        1,
        1,
        null
      ],
      "/Users/chelseajohnson/Documents/turing/3module/rails_engine/app/models/item.rb": [
        1,
        1,
        1,
        1,
        null
      ],
      "/Users/chelseajohnson/Documents/turing/3module/rails_engine/app/models/merchant.rb": [
        1,
        1,
        1,
        1,
        1,
        null,
        1,
        2,
        2,
        1,
        1,
        null,
        1,
        null,
        null,
        null,
        1,
        2,
        null,
        null,
        1,
        1,
        1,
        1,
        1,
        null,
        null,
        null,
        1,
        1,
        1,
        1,
        1,
        1,
        1,
        null,
        null,
        null,
        1,
        1,
        null,
        1,
        null,
        null,
        null,
        null,
        null,
        null,
        1,
        1,
        1,
        1,
        1,
        3,
        null,
        null,
        null,
        null,
        null
      ],
      "/Users/chelseajohnson/Documents/turing/3module/rails_engine/app/models/transaction.rb": [
        1,
        1,
        null
      ],
      "/Users/chelseajohnson/Documents/turing/3module/rails_engine/app/controllers/api/v1/merchants/revenues_controller.rb": [
        1,
        1,
        1,
        1,
        1,
        null,
        1,
        2,
        2,
        1,
        null,
        1,
        null,
        2,
        null,
        null,
        1,
        null,
        1,
        5,
        null,
        null,
        null,
        null,
        null
      ],
      "/Users/chelseajohnson/Documents/turing/3module/rails_engine/app/controllers/api/api_controller.rb": [
        1,
        1,
        1,
        null,
        null
      ],
      "/Users/chelseajohnson/Documents/turing/3module/rails_engine/app/controllers/application_controller.rb": [
        1,
        null,
        null,
        1,
        null
      ],
      "/Users/chelseajohnson/Documents/turing/3module/rails_engine/app/controllers/api/v1/merchants/favorite_customer_controller.rb": [
        1,
        1,
        1,
        1,
        1,
        null,
        1,
        1,
        1,
        1,
        null,
        null,
        1,
        null,
        1,
        1,
        null,
        null,
        null,
        null,
        null
      ],
      "/Users/chelseajohnson/Documents/turing/3module/rails_engine/app/controllers/api/v1/merchants/customers_with_pending_invoices_controller.rb": [
        1,
        1,
        1,
        1,
        1,
        null,
        1,
        1,
        1,
        1,
        null,
        null,
        1,
        null,
        1,
        1,
        null,
        null,
        null,
        null,
        null
      ],
      "/Users/chelseajohnson/Documents/turing/3module/rails_engine/app/controllers/api/v1/customers_controller.rb": [
        1,
        1,
        1,
        1,
        null,
        1,
        2,
        1,
        null,
        1,
        null,
        null,
        null,
        1,
        2,
        null,
        null,
        1,
        null,
        1,
        5,
        null,
        null,
        null,
        null
      ],
      "/Users/chelseajohnson/Documents/turing/3module/rails_engine/app/controllers/api/v1/invoice_items_controller.rb": [
        1,
        1,
        1,
        1,
        null,
        1,
        3,
        1,
        null,
        2,
        null,
        null,
        null,
        1,
        2,
        null,
        null,
        1,
        7,
        null,
        null,
        null,
        null
      ],
      "/Users/chelseajohnson/Documents/turing/3module/rails_engine/app/controllers/api/v1/invoices_controller.rb": [
        1,
        1,
        1,
        1,
        null,
        1,
        3,
        1,
        null,
        2,
        null,
        null,
        null,
        1,
        2,
        null,
        null,
        1,
        null,
        1,
        7,
        null,
        null,
        null,
        null
      ],
      "/Users/chelseajohnson/Documents/turing/3module/rails_engine/app/controllers/api/v1/items_controller.rb": [
        1,
        1,
        1,
        1,
        null,
        1,
        3,
        1,
        null,
        2,
        null,
        null,
        null,
        1,
        2,
        null,
        null,
        1,
        null,
        1,
        7,
        null,
        null,
        null,
        null
      ],
      "/Users/chelseajohnson/Documents/turing/3module/rails_engine/app/controllers/api/v1/merchants_controller.rb": [
        1,
        1,
        1,
        1,
        null,
        1,
        2,
        1,
        null,
        1,
        null,
        null,
        null,
        1,
        2,
        null,
        null,
        1,
        null,
        1,
        5,
        null,
        null,
        null,
        null
      ],
      "/Users/chelseajohnson/Documents/turing/3module/rails_engine/app/controllers/api/v1/random_customers_controller.rb": [
        1,
        1,
        1,
        1,
        null,
        1,
        1,
        null,
        null,
        null,
        null,
        null
      ],
      "/Users/chelseajohnson/Documents/turing/3module/rails_engine/app/controllers/api/v1/random_invoice_items_controller.rb": [
        1,
        1,
        1,
        1,
        null,
        1,
        1,
        null,
        null,
        null,
        null,
        null
      ],
      "/Users/chelseajohnson/Documents/turing/3module/rails_engine/app/controllers/api/v1/random_invoices_controller.rb": [
        1,
        1,
        1,
        1,
        null,
        1,
        1,
        null,
        null,
        null,
        null,
        null
      ],
      "/Users/chelseajohnson/Documents/turing/3module/rails_engine/app/controllers/api/v1/random_items_controller.rb": [
        1,
        1,
        1,
        1,
        null,
        1,
        1,
        null,
        null,
        null,
        null,
        null
      ],
      "/Users/chelseajohnson/Documents/turing/3module/rails_engine/app/controllers/api/v1/random_merchants_controller.rb": [
        1,
        1,
        1,
        1,
        null,
        1,
        1,
        null,
        null,
        null,
        null,
        null
      ],
      "/Users/chelseajohnson/Documents/turing/3module/rails_engine/app/controllers/api/v1/random_transactions_controller.rb": [
        1,
        1,
        1,
        1,
        null,
        1,
        1,
        null,
        null,
        null,
        null,
        null
      ],
      "/Users/chelseajohnson/Documents/turing/3module/rails_engine/app/controllers/api/v1/transactions_controller.rb": [
        1,
        1,
        1,
        1,
        null,
        1,
        3,
        1,
        null,
        2,
        null,
        null,
        null,
        1,
        2,
        null,
        null,
        1,
        null,
        1,
        7,
        null,
        null,
        null,
        null
      ],
      "/Users/chelseajohnson/Documents/turing/3module/rails_engine/app/controllers/api/v1/customers/invoices_controller.rb": [
        1,
        1,
        1,
        1,
        1,
        null,
        1,
        1,
        null,
        null,
        1,
        null,
        1,
        1,
        null,
        null,
        null,
        null,
        null
      ],
      "/Users/chelseajohnson/Documents/turing/3module/rails_engine/app/controllers/api/v1/customers/transactions_controller.rb": [
        1,
        1,
        1,
        1,
        1,
        null,
        1,
        1,
        null,
        null,
        1,
        null,
        1,
        1,
        null,
        null,
        null,
        null,
        null
      ],
      "/Users/chelseajohnson/Documents/turing/3module/rails_engine/app/controllers/api/v1/invoice_items/invoices_controller.rb": [
        1,
        1,
        1,
        1,
        1,
        null,
        1,
        1,
        null,
        null,
        1,
        null,
        1,
        1,
        null,
        null,
        null,
        null,
        null
      ],
      "/Users/chelseajohnson/Documents/turing/3module/rails_engine/app/controllers/api/v1/invoice_items/items_controller.rb": [
        1,
        1,
        1,
        1,
        1,
        null,
        1,
        1,
        null,
        null,
        1,
        null,
        1,
        1,
        null,
        null,
        null,
        null,
        null
      ],
      "/Users/chelseajohnson/Documents/turing/3module/rails_engine/app/controllers/api/v1/invoices/items_controller.rb": [
        1,
        1,
        1,
        1,
        1,
        null,
        1,
        1,
        null,
        null,
        1,
        null,
        1,
        1,
        null,
        null,
        null,
        null,
        null
      ],
      "/Users/chelseajohnson/Documents/turing/3module/rails_engine/app/controllers/api/v1/invoices/customers_controller.rb": [
        1,
        1,
        1,
        1,
        1,
        null,
        1,
        1,
        null,
        null,
        1,
        null,
        1,
        1,
        null,
        null,
        null,
        null,
        null
      ],
      "/Users/chelseajohnson/Documents/turing/3module/rails_engine/app/controllers/api/v1/invoices/merchants_controller.rb": [
        1,
        1,
        1,
        1,
        1,
        null,
        1,
        1,
        null,
        null,
        1,
        null,
        1,
        1,
        null,
        null,
        null,
        null,
        null
      ],
      "/Users/chelseajohnson/Documents/turing/3module/rails_engine/app/controllers/api/v1/items/invoice_items_controller.rb": [
        1,
        1,
        1,
        1,
        1,
        null,
        1,
        1,
        null,
        null,
        1,
        null,
        1,
        1,
        null,
        null,
        null,
        null,
        null
      ],
      "/Users/chelseajohnson/Documents/turing/3module/rails_engine/app/controllers/api/v1/items/merchants_controller.rb": [
        1,
        1,
        1,
        1,
        1,
        null,
        1,
        1,
        null,
        null,
        1,
        null,
        1,
        1,
        null,
        null,
        null,
        null,
        null
      ],
      "/Users/chelseajohnson/Documents/turing/3module/rails_engine/app/controllers/api/v1/transactions/invoices_controller.rb": [
        1,
        1,
        1,
        1,
        1,
        null,
        1,
        1,
        null,
        null,
        1,
        null,
        1,
        1,
        null,
        null,
        null,
        null,
        null
      ]
    },
    "timestamp": 1460581143
  }
}
